Release 14.7 - xst P.20131013 (nt64)
Copyright (c) 1995-2013 Xilinx, Inc.  All rights reserved.
--> Parameter TMPDIR set to xst/projnav.tmp


Total REAL time to Xst completion: 0.00 secs
Total CPU time to Xst completion: 0.09 secs
 
--> Parameter xsthdpdir set to xst


Total REAL time to Xst completion: 0.00 secs
Total CPU time to Xst completion: 0.09 secs
 
--> Reading design: Cash_withdrawal.prj

TABLE OF CONTENTS
  1) Synthesis Options Summary
  2) HDL Parsing
  3) HDL Elaboration
  4) HDL Synthesis
       4.1) HDL Synthesis Report
  5) Advanced HDL Synthesis
       5.1) Advanced HDL Synthesis Report
  6) Low Level Synthesis
  7) Partition Report
  8) Design Summary
       8.1) Primitive and Black Box Usage
       8.2) Device utilization summary
       8.3) Partition Resource Summary
       8.4) Timing Report
            8.4.1) Clock Information
            8.4.2) Asynchronous Control Signals Information
            8.4.3) Timing Summary
            8.4.4) Timing Details
            8.4.5) Cross Clock Domains Report


=========================================================================
*                      Synthesis Options Summary                        *
=========================================================================
---- Source Parameters
Input File Name                    : "Cash_withdrawal.prj"
Ignore Synthesis Constraint File   : NO

---- Target Parameters
Output File Name                   : "Cash_withdrawal"
Output Format                      : NGC
Target Device                      : xc6vcx75t-2-ff484

---- Source Options
Top Module Name                    : Cash_withdrawal
Automatic FSM Extraction           : YES
FSM Encoding Algorithm             : Auto
Safe Implementation                : No
FSM Style                          : LUT
RAM Extraction                     : Yes
RAM Style                          : Auto
ROM Extraction                     : Yes
Shift Register Extraction          : YES
ROM Style                          : Auto
Resource Sharing                   : YES
Asynchronous To Synchronous        : NO
Shift Register Minimum Size        : 2
Use DSP Block                      : Auto
Automatic Register Balancing       : No

---- Target Options
LUT Combining                      : Auto
Reduce Control Sets                : Auto
Add IO Buffers                     : YES
Global Maximum Fanout              : 100000
Add Generic Clock Buffer(BUFG)     : 32
Register Duplication               : YES
Optimize Instantiated Primitives   : NO
Use Clock Enable                   : Auto
Use Synchronous Set                : Auto
Use Synchronous Reset              : Auto
Pack IO Registers into IOBs        : Auto
Equivalent register Removal        : YES

---- General Options
Optimization Goal                  : Speed
Optimization Effort                : 1
Power Reduction                    : NO
Keep Hierarchy                     : No
Netlist Hierarchy                  : As_Optimized
RTL Output                         : Yes
Global Optimization                : AllClockNets
Read Cores                         : YES
Write Timing Constraints           : NO
Cross Clock Analysis               : NO
Hierarchy Separator                : /
Bus Delimiter                      : <>
Case Specifier                     : Maintain
Slice Utilization Ratio            : 100
BRAM Utilization Ratio             : 100
DSP48 Utilization Ratio            : 100
Auto BRAM Packing                  : NO
Slice Utilization Ratio Delta      : 5

=========================================================================


=========================================================================
*                          HDL Parsing                                  *
=========================================================================
Parsing VHDL file "F:\Xilinx-ISE\14.7\ISE_DS\projects\final_project\Cash_withdrawal.vhd" into library work
Parsing entity <Cash_withdrawal>.
Parsing architecture <Behavioral> of entity <cash_withdrawal>.

=========================================================================
*                            HDL Elaboration                            *
=========================================================================

Elaborating entity <Cash_withdrawal> (architecture <Behavioral>) from library <work>.
WARNING:HDLCompiler:92 - "F:\Xilinx-ISE\14.7\ISE_DS\projects\final_project\Cash_withdrawal.vhd" Line 69: active should be on the sensitivity list of the process
WARNING:HDLCompiler:92 - "F:\Xilinx-ISE\14.7\ISE_DS\projects\final_project\Cash_withdrawal.vhd" Line 101: comp_max should be on the sensitivity list of the process
WARNING:HDLCompiler:92 - "F:\Xilinx-ISE\14.7\ISE_DS\projects\final_project\Cash_withdrawal.vhd" Line 102: temp should be on the sensitivity list of the process
WARNING:HDLCompiler:92 - "F:\Xilinx-ISE\14.7\ISE_DS\projects\final_project\Cash_withdrawal.vhd" Line 104: sum should be on the sensitivity list of the process
WARNING:HDLCompiler:92 - "F:\Xilinx-ISE\14.7\ISE_DS\projects\final_project\Cash_withdrawal.vhd" Line 108: sum should be on the sensitivity list of the process
WARNING:HDLCompiler:92 - "F:\Xilinx-ISE\14.7\ISE_DS\projects\final_project\Cash_withdrawal.vhd" Line 116: counter_reset should be on the sensitivity list of the process
WARNING:HDLCompiler:92 - "F:\Xilinx-ISE\14.7\ISE_DS\projects\final_project\Cash_withdrawal.vhd" Line 122: sum should be on the sensitivity list of the process
WARNING:HDLCompiler:92 - "F:\Xilinx-ISE\14.7\ISE_DS\projects\final_project\Cash_withdrawal.vhd" Line 124: t_count should be on the sensitivity list of the process
WARNING:HDLCompiler:92 - "F:\Xilinx-ISE\14.7\ISE_DS\projects\final_project\Cash_withdrawal.vhd" Line 131: mony_in should be on the sensitivity list of the process
WARNING:HDLCompiler:92 - "F:\Xilinx-ISE\14.7\ISE_DS\projects\final_project\Cash_withdrawal.vhd" Line 132: mony_out_t should be on the sensitivity list of the process
ERROR:HDLCompiler:1401 - "F:\Xilinx-ISE\14.7\ISE_DS\projects\final_project\Cash_withdrawal.vhd" Line 56: Signal mony_out[10] in unit Cash_withdrawal is connected to following multiple drivers:
Driver 0: output signal mony_out_t[10] of instance Latch (mony_out_t[10]_buf_63).
Driver 1: output signal mony_out[10] of instance Adder (sum[10]_mony_in[10]_add_0).
Driver 0: output signal mony_out_t[9] of instance Latch (mony_out_t[10]_buf_63).
Driver 1: output signal mony_out[9] of instance Adder (sum[10]_mony_in[10]_add_0).
Driver 0: output signal mony_out_t[8] of instance Latch (mony_out_t[10]_buf_63).
Driver 1: output signal mony_out[8] of instance Adder (sum[10]_mony_in[10]_add_0).
Driver 0: output signal mony_out_t[7] of instance Latch (mony_out_t[10]_buf_63).
Driver 1: output signal mony_out[7] of instance Adder (sum[10]_mony_in[10]_add_0).
Driver 0: output signal mony_out_t[6] of instance Latch (mony_out_t[10]_buf_63).
Driver 1: output signal mony_out[6] of instance Adder (sum[10]_mony_in[10]_add_0).
Driver 0: output signal mony_out_t[5] of instance Latch (mony_out_t[10]_buf_63).
Driver 1: output signal mony_out[5] of instance Adder (sum[10]_mony_in[10]_add_0).
Driver 0: output signal mony_out_t[4] of instance Latch (mony_out_t[10]_buf_63).
Driver 1: output signal mony_out[4] of instance Adder (sum[10]_mony_in[10]_add_0).
Driver 0: output signal mony_out_t[3] of instance Latch (mony_out_t[10]_buf_63).
Driver 1: output signal mony_out[3] of instance Adder (sum[10]_mony_in[10]_add_0).
Driver 0: output signal mony_out_t[2] of instance Latch (mony_out_t[10]_buf_63).
Driver 1: output signal mony_out[2] of instance Adder (sum[10]_mony_in[10]_add_0).
Driver 0: output signal mony_out_t[1] of instance Latch (mony_out_t[10]_buf_63).
Driver 1: output signal mony_out[1] of instance Adder (sum[10]_mony_in[10]_add_0).
Driver 0: output signal mony_out_t[0] of instance Latch (mony_out_t[10]_buf_63).
Driver 1: output signal mony_out[0] of instance Adder (sum[10]_mony_in[10]_add_0).
ERROR:HDLCompiler:1401 - "F:\Xilinx-ISE\14.7\ISE_DS\projects\final_project\Cash_withdrawal.vhd" Line 64: Signal counter_reset in unit Cash_withdrawal is connected to following multiple drivers:
Driver 0: output signal counter_reset of instance AND Gate (t_count[0]_t_count[2]_AND_97).
Driver 1: output signal counter_reset of instance Latch (counter_reset).
--> 

Total memory usage is 4469052 kilobytes

Number of errors   :    2 (   0 filtered)
Number of warnings :   10 (   0 filtered)
Number of infos    :    0 (   0 filtered)

